<?xml version="1.0" encoding="UTF-8"?>
<testsuite xmlns:xsi="http://www.w3.org/2001/XMLSchema-instance" xsi:noNamespaceSchemaLocation="https://maven.apache.org/surefire/maven-surefire-plugin/xsd/surefire-test-report-3.0.xsd" version="3.0" name="TestRunner.RunTest" time="20.782" tests="1" errors="0" skipped="0" failures="0">
  <properties>
[...]
</properties>
  <testcase name="runScenario[&quot;Add a new customer&quot;, &quot;Add Customer&quot;](1)" classname="TestRunner.RunTest" time="20.066">
    <system-out><![CDATA[
@Sanity
Scenario: Add a new customer                                                             # src/test/resources/Features/Customer.feature:11
Setup  Method executeted
  Given user launch Chrome Browser                                                       # Stepdefinition.stepDefinition.user_launch_chrome_browser()
  When user opens URL "https://admin-demo.nopcommerce.com/login"                         # Stepdefinition.stepDefinition.user_opens_url(java.lang.String)
  And user enters Email as "admin@yourstore.com" and enters Password as "admin"          # Stepdefinition.stepDefinition.user_enters_email_as_and_enters_password_as(java.lang.String,java.lang.String)
  And clicks on Login                                                                    # Stepdefinition.stepDefinition.clicks_on_login()
  Then user can view Dashboard                                                           # Stepdefinition.stepDefinition.user_can_view_dashboard()
  When user clicks on Customer Menu                                                      # Stepdefinition.stepDefinition.user_clicks_on_customer_menu()
  And clicks on Customer Menu Item                                                       # Stepdefinition.stepDefinition.clicks_on_customer_menu_item()
  And Click on Add New button                                                            # Stepdefinition.stepDefinition.click_on_add_new_button()
  Then user can view Add New Customer page                                               # Stepdefinition.stepDefinition.user_can_view_add_new_customer_page()
  When user enters customer info                                                         # Stepdefinition.stepDefinition.user_enters_customer_info()
  And clicks on Save button                                                              # Stepdefinition.stepDefinition.clicks_on_save_button()
  Then user can view confirmation message "The new customer has been added successfully" # Stepdefinition.stepDefinition.user_can_view_confirmation_message(java.lang.String)
  And Close Browser                                                                      # Stepdefinition.stepDefinition.close_browser()
Teardown Method executeted
]]></system-out>
    <system-err><![CDATA[SLF4J(W): No SLF4J providers were found.
SLF4J(W): Defaulting to no-operation (NOP) logger implementation
SLF4J(W): See https://www.slf4j.org/codes.html#noProviders for further details.
Mar 03, 2024 6:24:44 PM org.openqa.selenium.devtools.CdpVersionFinder findNearestMatch
WARNING: Unable to find an exact match for CDP version 122, returning the closest version; found: 121; Please update to a Selenium version that supports CDP version 122
]]></system-err>
  </testcase>
</testsuite>