<?xml version="1.0" encoding="UTF-8"?>
<testng-results ignored="0" total="1" passed="1" failed="0" skipped="0">
  <reporter-output>
  </reporter-output>
  <suite started-at="2024-03-03T18:22:55 IST" name="Default suite" finished-at="2024-03-03T18:23:34 IST" duration-ms="39240">
    <groups>
      <group name="cucumber">
        <method signature="AbstractTestNGCucumberTests.runScenario(io.cucumber.testng.PickleWrapper,io.cucumber.testng.FeatureWrapper)[pri:0, instance:TestRunner.RunTest@70ed52de]" name="runScenario" class="io.cucumber.testng.AbstractTestNGCucumberTests"/>
      </group> <!-- cucumber -->
    </groups>
    <test started-at="2024-03-03T18:22:55 IST" name="Default test" finished-at="2024-03-03T18:23:34 IST" duration-ms="39240">
      <class name="TestRunner.RunTest">
        <test-method is-config="true" signature="setUpClass(org.testng.ITestContext)[pri:0, instance:TestRunner.RunTest@70ed52de]" started-at="2024-03-03T18:22:55 IST" name="setUpClass" finished-at="2024-03-03T18:22:55 IST" duration-ms="368" status="PASS">
          <params>
            <param index="0">
              <value>
                <![CDATA[org.testng.TestRunner@165614f5]]>
              </value>
            </param>
          </params>
          <reporter-output>
          </reporter-output>
        </test-method> <!-- setUpClass -->
        <test-method signature="runScenario(io.cucumber.testng.PickleWrapper,io.cucumber.testng.FeatureWrapper)[pri:0, instance:TestRunner.RunTest@70ed52de]" started-at="2024-03-03T18:22:55 IST" name="runScenario" description="Runs Cucumber Scenarios" data-provider="scenarios" finished-at="2024-03-03T18:23:34 IST" duration-ms="38793" status="PASS">
          <params>
            <param index="0">
              <value>
                <![CDATA["Add a new customer"]]>
              </value>
            </param>
            <param index="1">
              <value>
                <![CDATA["Add Customer"]]>
              </value>
            </param>
          </params>
          <reporter-output>
          </reporter-output>
        </test-method> <!-- runScenario -->
        <test-method is-config="true" signature="tearDownClass()[pri:0, instance:TestRunner.RunTest@70ed52de]" started-at="2024-03-03T18:23:34 IST" name="tearDownClass" finished-at="2024-03-03T18:23:34 IST" duration-ms="40" status="PASS">
          <reporter-output>
          </reporter-output>
        </test-method> <!-- tearDownClass -->
      </class> <!-- TestRunner.RunTest -->
    </test> <!-- Default test -->
  </suite> <!-- Default suite -->
</testng-results>
